C:\Users\Junting\Desktop\GoldTo-main\GoldTo-main\backend\main.py:85: DeprecationWarning: 
        on_event is deprecated, use lifespan event handlers instead.

        Read more about it in the
        [FastAPI docs for Lifespan Events](https://fastapi.tiangolo.com/advanced/events/).
        
  @app.on_event("startup")
C:\Users\Junting\Desktop\GoldTo-main\GoldTo-main\backend\main.py:110: DeprecationWarning: 
        on_event is deprecated, use lifespan event handlers instead.

        Read more about it in the
        [FastAPI docs for Lifespan Events](https://fastapi.tiangolo.com/advanced/events/).
        
  @app.on_event("shutdown")
INFO:     Will watch for changes in these directories: ['C:\\Users\\Junting\\Desktop\\GoldTo-main\\GoldTo-main\\backend']
INFO:     Uvicorn running on http://0.0.0.0:5001 (Press CTRL+C to quit)
INFO:     Started reloader process [30260] using WatchFiles
INFO:     Started server process [29952]
INFO:     Waiting for application startup.
INFO:     Application startup complete.
[Startup] Database initialized
[Scheduler] APScheduler started
[Scheduler] Daily job scheduled at 08:00 (job_id=daily_briefing)
INFO:     127.0.0.1:49978 - "GET / HTTP/1.1" 200 OK
INFO:     127.0.0.1:49980 - "GET /api/user/push-channels HTTP/1.1" 200 OK
INFO:     127.0.0.1:49987 - "GET /api/user/push-channels HTTP/1.1" 200 OK
WARNING:  WatchFiles detected changes in 'config.py'. Reloading...
 INFO:     127.0.0.1:54219 - "GET /api/sources/config HTTP/1.1" 200 OK
